<?xml version="1.0" encoding="UTF-8"?>
<!-- Generated by org.testng.reporters.JUnitXMLReporter -->
<testsuite ignored="2" hostname="DESKTOP-GTEVIFT" failures="0" tests="3" name="Test" time="0.176" errors="0" timestamp="2023-08-16T13:08:37 IST">
  <testcase classname="testScripts.DeleteTest" name="deletecamp" time="0.024"/>
  <testcase classname="testScripts.CreateTest" name="createcampMand" time="0.006"/>
  <testcase classname="testScripts.ModifyTest" name="modifycampMand" time="0.006"/>
  <testcase classname="testScripts.ModifyTest" name="modifycamp" time="0.0">
    <ignored/>
  </testcase> <!-- modifycamp -->
  <testcase classname="testScripts.CreateTest" name="createcamp" time="0.0">
    <ignored/>
  </testcase> <!-- createcamp -->
</testsuite> <!-- Test -->
