<?xml version="1.0" encoding="UTF-8"?>
<testng-results ignored="0" total="2" passed="2" failed="0" skipped="0">
  <reporter-output>
  </reporter-output>
  <suite started-at="2023-08-16T13:21:37 IST" name="Default suite" finished-at="2023-08-16T13:21:37 IST" duration-ms="172">
    <groups>
      <group name="regression">
        <method signature="CreateTest.createcamp()[pri:0, instance:testScripts.CreateTest@1700915]" name="createcamp" class="testScripts.CreateTest"/>
      </group> <!-- regression -->
      <group name="smoke">
        <method signature="CreateTest.createcampMand()[pri:0, instance:testScripts.CreateTest@1700915]" name="createcampMand" class="testScripts.CreateTest"/>
      </group> <!-- smoke -->
    </groups>
    <test started-at="2023-08-16T13:21:37 IST" name="Default test" finished-at="2023-08-16T13:21:37 IST" duration-ms="172">
      <class name="testScripts.CreateTest">
        <test-method signature="createcamp()[pri:0, instance:testScripts.CreateTest@1700915]" started-at="2023-08-16T13:21:37 IST" name="createcamp" finished-at="2023-08-16T13:21:37 IST" duration-ms="23" status="PASS">
          <reporter-output>
          </reporter-output>
        </test-method> <!-- createcamp -->
        <test-method signature="createcampMand()[pri:0, instance:testScripts.CreateTest@1700915]" started-at="2023-08-16T13:21:37 IST" name="createcampMand" finished-at="2023-08-16T13:21:37 IST" duration-ms="5" status="PASS">
          <reporter-output>
          </reporter-output>
        </test-method> <!-- createcampMand -->
      </class> <!-- testScripts.CreateTest -->
    </test> <!-- Default test -->
  </suite> <!-- Default suite -->
</testng-results>
